\BOOKMARK [0][-]{chapter.2}{\376\377\200\314\146\157\167\345\213\130}{}% 1
\BOOKMARK [1][-]{subsection.2.0.1}{\376\377\174\041\116\313}{chapter.2}% 2
\BOOKMARK [1][-]{section.2.1}{\376\377\155\361\134\144\230\136\171\136\175\223\175\262\215\357\377\010\000d\000e\000e\000p\000\040\000n\000e\000u\000r\000a\000l\000\040\000n\000e\000t\000w\000o\000r\000k\377\011}{chapter.2}% 3
\BOOKMARK [2][-]{subsection.2.1.1}{\376\377\212\023\175\364\145\271\137\017}{section.2.1}% 4
\BOOKMARK [2][-]{subsection.2.1.2}{\376\377\122\115\231\113\137\017\230\136\171\136\175\223\175\262\215\357}{section.2.1}% 5
\BOOKMARK [2][-]{subsection.2.1.3}{\376\377\123\167\172\115\137\017\377\010\000c\000o\000n\000v\000o\000l\000u\000t\000i\000o\000n\000a\000l\377\011\230\136\171\136\175\223\175\262\215\357}{section.2.1}% 6
\BOOKMARK [2][-]{subsection.2.1.4}{\376\377\220\136\217\364\137\017\377\010\000r\000e\000c\000u\000r\000r\000e\000n\000t\377\011\230\136\171\136\175\223\175\262\215\357}{section.2.1}% 7
\BOOKMARK [2][-]{subsection.2.1.5}{\376\377\136\217\122\027\201\363\136\217\122\027\377\010\000s\000e\000q\000u\000e\000n\000c\000e\000-\000t\000o\000-\000s\000e\000q\000u\000e\000n\000c\000e\377\011\152\041\127\213}{section.2.1}% 8
\BOOKMARK [2][-]{subsection.2.1.6}{\376\377\134\010\154\350\377\010\000a\000t\000t\000e\000n\000t\000i\000o\000n\377\011\152\137\122\066}{section.2.1}% 9
\BOOKMARK [2][-]{subsection.2.1.7}{\376\377\217\111\143\333\126\150\377\010\000T\000r\000a\000n\000s\000f\000o\000r\000m\000e\000r\377\011}{section.2.1}% 10
\BOOKMARK [1][-]{section.2.2}{\376\377\210\150\137\265\377\010\000r\000e\000p\000r\000e\000s\000e\000n\000t\000a\000t\000i\000o\000n\377\011\133\170\177\322\202\007\201\352\166\343\167\143\137\017\133\170\177\322\377\010\000S\000S\000L\377\011}{chapter.2}% 11
\BOOKMARK [2][-]{subsection.2.2.1}{\376\377\162\171\137\265}{section.2.2}% 12
\BOOKMARK [2][-]{subsection.2.2.2}{\376\377\210\150\137\265\133\170\177\322}{section.2.2}% 13
\BOOKMARK [2][-]{subsection.2.2.3}{\376\377\201\352\166\343\167\143\133\170\177\322\377\010\000s\000e\000l\000f\000-\000s\000u\000p\000e\000r\000v\000i\000s\000e\000d\000\040\000l\000e\000a\000r\000n\000i\000n\000g\377\014\000S\000S\000L\377\011\000\040\000\050\220\031\220\212\143\245\116\013\117\206\166\364\143\245\167\013\116\345\122\115\170\251\212\326\140\016\236\274\122\006\060\002\133\217\153\305\166\204\121\215\212\252\377\011}{section.2.2}% 14
\BOOKMARK [2][-]{subsection.2.2.4}{\376\377\124\021\221\317\221\317\123\026\377\010\000v\000e\000c\000t\000o\000r\000\040\000q\000u\000a\000n\000t\000i\000z\000a\000t\000i\000o\000n\377\011}{section.2.2}% 15
\BOOKMARK [2][-]{subsection.2.2.5}{\376\377\226\342\145\143\125\256\121\103}{section.2.2}% 16
\BOOKMARK [1][-]{section.2.3}{\376\377\147\054\172\340\176\075\175\120}{chapter.2}% 17
\BOOKMARK [0][-]{chapter.3}{\376\377\000\040\125\256\116\000\212\236\227\363\226\342\145\143\210\150\137\265\202\007\212\236\227\363\152\031\212\030\166\204\134\015\141\311\152\041\137\017}{}% 18
\BOOKMARK [1][-]{section.3.1}{\376\377\122\325\152\137\174\041\116\313}{chapter.3}% 19
\BOOKMARK [1][-]{section.3.2}{\376\377\166\370\225\334\170\024\172\166}{chapter.3}% 20
\BOOKMARK [2][-]{subsection.3.2.1}{\376\377\212\236\227\363\210\150\137\265\166\204\212\236\227\363\133\170\122\006\147\220}{section.3.2}% 21
\BOOKMARK [2][-]{subsection.3.2.2}{\376\377\161\041\145\207\133\127\377\010\000t\000e\000x\000t\000l\000e\000s\000s\377\011\212\236\212\000\152\041\127\213}{section.3.2}% 22
\BOOKMARK [1][-]{section.3.3}{\376\377\210\141\221\317\145\271\137\017\377\010\000m\000e\000t\000r\000i\000c\377\011}{chapter.3}% 23
\BOOKMARK [2][-]{subsection.3.3.1}{\376\377\227\363\117\115\377\010\000p\000h\000o\000n\000e\000m\000e\377\011\225\167\150\235\127\026\377\010\000b\000a\000r\000\040\000c\000h\000a\000r\000t\377\011}{section.3.3}% 24
\BOOKMARK [2][-]{subsection.3.3.2}{\376\377\175\024\136\246\377\010\000p\000u\000r\000i\000t\000y\377\011}{section.3.3}% 25
\BOOKMARK [2][-]{subsection.3.3.3}{\376\377\161\265\377\010\000e\000n\000t\000r\000o\000p\000y\377\011\124\214\166\370\116\222\214\307\212\012\377\010\000m\000u\000t\000u\000a\000l\000\040\000i\000n\000f\000o\000r\000m\000a\000t\000i\000o\000n\377\014\000M\000I\377\011}{section.3.3}% 26
\BOOKMARK [2][-]{subsection.3.3.4}{\376\377\134\015\237\112\377\010\000a\000l\000i\000g\000n\000m\000e\000n\000t\377\011}{section.3.3}% 27
\BOOKMARK [1][-]{section.3.4}{\376\377\212\236\227\363\133\170\122\006\230\136\377\010\000p\000h\000o\000n\000e\000\040\000t\000y\000p\000e\377\011}{chapter.3}% 28
\BOOKMARK [2][-]{subsection.3.4.1}{\376\377\174\041\116\313}{section.3.4}% 29
\BOOKMARK [2][-]{subsection.3.4.2}{\376\377\211\343\221\313\141\017\177\251}{section.3.4}% 30
\BOOKMARK [1][-]{section.3.5}{\376\377\122\006\147\220\175\120\147\234}{chapter.3}% 31
\BOOKMARK [2][-]{subsection.3.5.1}{\376\377\127\372\145\274\124\004\201\352\227\363\117\115\166\204\122\006\147\220}{section.3.5}% 32
\BOOKMARK [2][-]{subsection.3.5.2}{\376\377\127\372\145\274\212\236\227\363\133\170\122\006\230\136\166\204\122\006\147\220}{section.3.5}% 33
\BOOKMARK [1][-]{section.3.6}{\376\377\147\054\172\340\176\075\175\120}{chapter.3}% 34
\BOOKMARK [0][-]{section*.9}{\376\377\123\303\200\003\145\207\163\173}{}% 35
